16:29:09.924 [main] INFO  org.weatherapi.ApiTest - POST request created for external_id : DEMO_TEST001
16:29:11.737 [main] INFO  org.weatherapi.ApiTest - POST request successful with status code: 201
16:29:11.745 [main] INFO  org.weatherapi.ApiTest - Response body : {"ID":"60cc7ccc09e7430001b9f03c","updated_at":"2021-06-18T11:00:28.031609029Z","created_at":"2021-06-18T11:00:28.031608909Z","user_id":"60362b61c8e1ae0007fc9dc8","external_id":"DEMO_TEST001","name":"Demo Station965","latitude":33.33,"longitude":-111.43,"altitude":444,"rank":10,"source_type":5}
16:29:12.258 [main] INFO  org.weatherapi.ApiTest - POST request created for external_id : DEMO_TEST002
16:29:13.193 [main] INFO  org.weatherapi.ApiTest - POST request successful with status code: 201
16:29:13.194 [main] INFO  org.weatherapi.ApiTest - Response body : {"ID":"60cc7ccd09e7430001b9f03d","updated_at":"2021-06-18T11:00:29.575310911Z","created_at":"2021-06-18T11:00:29.575310728Z","user_id":"60362b61c8e1ae0007fc9dc8","external_id":"DEMO_TEST002","name":"Demo Station879","latitude":33.44,"longitude":-12.44,"altitude":444,"rank":10,"source_type":5}
16:29:13.812 [main] INFO  org.weatherapi.ApiTest - validating external_id ... 
16:29:13.834 [main] INFO  org.weatherapi.ApiTest - validating longitude ... 
16:29:13.849 [main] INFO  org.weatherapi.ApiTest - validating latitude ... 
16:29:13.860 [main] INFO  org.weatherapi.ApiTest - validating altitude ... 
16:29:14.379 [main] INFO  org.weatherapi.ApiTest - validating external_id ... 
16:29:14.390 [main] INFO  org.weatherapi.ApiTest - validating longitude ... 
16:29:14.423 [main] INFO  org.weatherapi.ApiTest - validating latitude ... 
16:29:14.441 [main] INFO  org.weatherapi.ApiTest - validating altitude ... 
16:29:14.467 [main] INFO  org.weatherapi.ApiTest - Station ID to Delete : 60cc7ccc09e7430001b9f03c
16:29:14.977 [main] INFO  org.weatherapi.ApiTest - Response body : 
16:29:14.977 [main] INFO  org.weatherapi.ApiTest - Status code response for DELETE Request : 204
16:29:15.755 [main] INFO  org.weatherapi.ApiTest - Response body : {"code":404001,"message":"Station not found"}
16:29:15.756 [main] INFO  org.weatherapi.ApiTest - Status code response for DELETE Request with same ID again : 404
16:29:15.756 [main] INFO  org.weatherapi.ApiTest - Station ID to Delete : 60cc7ccd09e7430001b9f03d
16:29:16.540 [main] INFO  org.weatherapi.ApiTest - Response body : 
16:29:16.541 [main] INFO  org.weatherapi.ApiTest - Status code response for DELETE Request : 204
16:29:17.120 [main] INFO  org.weatherapi.ApiTest - Response body : {"code":404001,"message":"Station not found"}
16:29:17.121 [main] INFO  org.weatherapi.ApiTest - Status code response for DELETE Request with same ID again : 404
